{"/home/toystars/WorkSpace/Libraries/eStructures/gulpfile.js":{"path":"/home/toystars/WorkSpace/Libraries/eStructures/gulpfile.js","s":{"1":1,"2":1,"3":1,"4":1,"5":1,"6":1,"7":1,"8":1,"9":1,"10":1,"11":0,"12":1,"13":0,"14":1,"15":0,"16":1},"b":{"1":[1,1]},"f":{"1":1,"2":0,"3":0,"4":0},"fnMap":{"1":{"name":"(anonymous_1)","line":10,"loc":{"start":{"line":10,"column":17},"end":{"line":10,"column":33}}},"2":{"name":"(anonymous_2)","line":18,"loc":{"start":{"line":18,"column":18},"end":{"line":18,"column":29}}},"3":{"name":"(anonymous_3)","line":25,"loc":{"start":{"line":25,"column":21},"end":{"line":25,"column":32}}},"4":{"name":"(anonymous_4)","line":35,"loc":{"start":{"line":35,"column":19},"end":{"line":35,"column":30}}}},"statementMap":{"1":{"start":{"line":2,"column":0},"end":{"line":2,"column":37}},"2":{"start":{"line":3,"column":0},"end":{"line":3,"column":27}},"3":{"start":{"line":4,"column":0},"end":{"line":4,"column":36}},"4":{"start":{"line":5,"column":0},"end":{"line":5,"column":36}},"5":{"start":{"line":6,"column":0},"end":{"line":6,"column":36}},"6":{"start":{"line":7,"column":0},"end":{"line":7,"column":36}},"7":{"start":{"line":8,"column":0},"end":{"line":8,"column":43}},"8":{"start":{"line":10,"column":0},"end":{"line":15,"column":3}},"9":{"start":{"line":11,"column":2},"end":{"line":14,"column":19}},"10":{"start":{"line":18,"column":0},"end":{"line":22,"column":3}},"11":{"start":{"line":19,"column":2},"end":{"line":21,"column":38}},"12":{"start":{"line":25,"column":0},"end":{"line":32,"column":3}},"13":{"start":{"line":26,"column":2},"end":{"line":31,"column":29}},"14":{"start":{"line":35,"column":0},"end":{"line":37,"column":3}},"15":{"start":{"line":36,"column":2},"end":{"line":36,"column":49}},"16":{"start":{"line":40,"column":0},"end":{"line":40,"column":58}}},"branchMap":{"1":{"line":8,"type":"binary-expr","locations":[{"start":{"line":8,"column":15},"end":{"line":8,"column":33}},{"start":{"line":8,"column":37},"end":{"line":8,"column":42}}]}}},"/home/toystars/WorkSpace/Libraries/eStructures/karma.conf.js":{"path":"/home/toystars/WorkSpace/Libraries/eStructures/karma.conf.js","s":{"1":1,"2":1},"b":{},"f":{"1":1},"fnMap":{"1":{"name":"(anonymous_1)","line":2,"loc":{"start":{"line":2,"column":17},"end":{"line":2,"column":34}}}},"statementMap":{"1":{"start":{"line":2,"column":0},"end":{"line":12,"column":2}},"2":{"start":{"line":3,"column":2},"end":{"line":11,"column":5}}},"branchMap":{}}}