TN:
SF:/home/toystars/WorkSpace/Libraries/eStructures/gulpfile.js
FN:10,(anonymous_1)
FN:18,(anonymous_2)
FN:25,(anonymous_3)
FN:35,(anonymous_4)
FNF:4
FNH:1
FNDA:1,(anonymous_1)
FNDA:0,(anonymous_2)
FNDA:0,(anonymous_3)
FNDA:0,(anonymous_4)
DA:2,1
DA:3,1
DA:4,1
DA:5,1
DA:6,1
DA:7,1
DA:8,1
DA:10,1
DA:11,1
DA:18,1
DA:19,0
DA:25,1
DA:26,0
DA:35,1
DA:36,0
DA:40,1
LF:16
LH:13
BRDA:8,1,0,1
BRDA:8,1,1,1
BRF:2
BRH:2
end_of_record
TN:
SF:/home/toystars/WorkSpace/Libraries/eStructures/karma.conf.js
FN:2,(anonymous_1)
FNF:1
FNH:1
FNDA:1,(anonymous_1)
DA:2,1
DA:3,1
LF:2
LH:2
BRF:0
BRH:0
end_of_record
